<?xml version="1.0" encoding="UTF-8"?>
<testng-results skipped="0" failed="1" ignored="0" total="1" passed="0">
  <reporter-output>
  </reporter-output>
  <suite name="Suite" duration-ms="476724" started-at="2020-04-03T15:48:58 IST" finished-at="2020-04-03T15:56:55 IST">
    <groups>
    </groups>
    <test name="Random Test" duration-ms="476724" started-at="2020-04-03T15:48:58 IST" finished-at="2020-04-03T15:56:55 IST">
      <class name="TestScript.LinkValidation">
        <test-method status="PASS" signature="beforeSuit()[pri:0, instance:TestScript.LinkValidation@40a4337a]" name="beforeSuit" is-config="true" duration-ms="40" started-at="2020-04-03T15:48:58 IST" finished-at="2020-04-03T15:48:58 IST">
          <reporter-output>
          </reporter-output>
        </test-method> <!-- beforeSuit -->
        <test-method status="PASS" signature="beforeTC(java.lang.String)[pri:0, instance:TestScript.LinkValidation@40a4337a]" name="beforeTC" is-config="true" duration-ms="17079" started-at="2020-04-03T15:48:58 IST" finished-at="2020-04-03T15:49:15 IST">
          <params>
            <param index="0">
              <value>
                <![CDATA[chrome]]>
              </value>
            </param>
          </params>
          <reporter-output>
          </reporter-output>
        </test-method> <!-- beforeTC -->
        <test-method status="FAIL" signature="verifyTheLinkAndAngularLoad()[pri:0, instance:TestScript.LinkValidation@40a4337a]" name="verifyTheLinkAndAngularLoad" duration-ms="455259" started-at="2020-04-03T15:49:15 IST" finished-at="2020-04-03T15:56:51 IST">
          <exception class="java.net.MalformedURLException">
            <message>
              <![CDATA[unknown protocol: javascript]]>
            </message>
            <full-stacktrace>
              <![CDATA[java.net.MalformedURLException: unknown protocol: javascript
at java.net.URL.<init>(Unknown Source)
at java.net.URL.<init>(Unknown Source)
at java.net.URL.<init>(Unknown Source)
at TestCaseMod.FindingTheInnerLinksOfDocumentSec.testEachLinkURL(FindingTheInnerLinksOfDocumentSec.java:37)
at TestCaseMod.FindingTheInnerLinksOfDocumentSec.navigateAndCheckLinks(FindingTheInnerLinksOfDocumentSec.java:75)
at TestScript.LinkValidation.verifyTheLinkAndAngularLoad(LinkValidation.java:11)
at sun.reflect.NativeMethodAccessorImpl.invoke0(Native Method)
at sun.reflect.NativeMethodAccessorImpl.invoke(Unknown Source)
at sun.reflect.DelegatingMethodAccessorImpl.invoke(Unknown Source)
at java.lang.reflect.Method.invoke(Unknown Source)
at org.testng.internal.MethodInvocationHelper.invokeMethod(MethodInvocationHelper.java:133)
at org.testng.internal.TestInvoker.invokeMethod(TestInvoker.java:584)
at org.testng.internal.TestInvoker.invokeTestMethod(TestInvoker.java:172)
at org.testng.internal.MethodRunner.runInSequence(MethodRunner.java:46)
at org.testng.internal.TestInvoker$MethodInvocationAgent.invoke(TestInvoker.java:804)
at org.testng.internal.TestInvoker.invokeTestMethods(TestInvoker.java:145)
at org.testng.internal.TestMethodWorker.invokeTestMethods(TestMethodWorker.java:146)
at org.testng.internal.TestMethodWorker.run(TestMethodWorker.java:128)
at java.util.ArrayList.forEach(Unknown Source)
at org.testng.TestRunner.privateRun(TestRunner.java:770)
at org.testng.TestRunner.run(TestRunner.java:591)
at org.testng.SuiteRunner.runTest(SuiteRunner.java:402)
at org.testng.SuiteRunner.runSequentially(SuiteRunner.java:396)
at org.testng.SuiteRunner.privateRun(SuiteRunner.java:355)
at org.testng.SuiteRunner.run(SuiteRunner.java:304)
at org.testng.SuiteRunnerWorker.runSuite(SuiteRunnerWorker.java:53)
at org.testng.SuiteRunnerWorker.run(SuiteRunnerWorker.java:96)
at org.testng.TestNG.runSuitesSequentially(TestNG.java:1180)
at org.testng.TestNG.runSuitesLocally(TestNG.java:1102)
at org.testng.TestNG.runSuites(TestNG.java:1032)
at org.testng.TestNG.run(TestNG.java:1000)
at org.testng.remote.AbstractRemoteTestNG.run(AbstractRemoteTestNG.java:115)
at org.testng.remote.RemoteTestNG.initAndRun(RemoteTestNG.java:251)
at org.testng.remote.RemoteTestNG.main(RemoteTestNG.java:77)
]]>
            </full-stacktrace>
          </exception> <!-- java.net.MalformedURLException -->
          <reporter-output>
          </reporter-output>
        </test-method> <!-- verifyTheLinkAndAngularLoad -->
        <test-method status="PASS" signature="afterTC()[pri:0, instance:TestScript.LinkValidation@40a4337a]" name="afterTC" is-config="true" duration-ms="4285" started-at="2020-04-03T15:56:51 IST" finished-at="2020-04-03T15:56:55 IST">
          <reporter-output>
          </reporter-output>
        </test-method> <!-- afterTC -->
        <test-method status="PASS" signature="afterSuit()[pri:0, instance:TestScript.LinkValidation@40a4337a]" name="afterSuit" is-config="true" duration-ms="0" started-at="2020-04-03T15:56:55 IST" finished-at="2020-04-03T15:56:55 IST">
          <reporter-output>
          </reporter-output>
        </test-method> <!-- afterSuit -->
      </class> <!-- TestScript.LinkValidation -->
    </test> <!-- Random Test -->
  </suite> <!-- Suite -->
</testng-results>
