<?xml version="1.0" encoding="UTF-8"?>
<!-- Generated by org.testng.reporters.JUnitXMLReporter -->
<testsuite hostname="DESKTOP-GTA7F1B" ignored="0" name="Random Test" tests="1" failures="1" timestamp="2020-04-03T15:56:55 IST" time="476.724" errors="0">
  <testcase name="verifyTheLinkAndAngularLoad" time="455.259" classname="TestScript.LinkValidation">
    <failure type="java.net.MalformedURLException" message="unknown protocol: javascript">
      <![CDATA[java.net.MalformedURLException: unknown protocol: javascript
at java.net.URL.<init>(Unknown Source)
at java.net.URL.<init>(Unknown Source)
at java.net.URL.<init>(Unknown Source)
at TestCaseMod.FindingTheInnerLinksOfDocumentSec.testEachLinkURL(FindingTheInnerLinksOfDocumentSec.java:37)
at TestCaseMod.FindingTheInnerLinksOfDocumentSec.navigateAndCheckLinks(FindingTheInnerLinksOfDocumentSec.java:75)
at TestScript.LinkValidation.verifyTheLinkAndAngularLoad(LinkValidation.java:11)
at java.util.ArrayList.forEach(Unknown Source)
... Removed 27 stack frames]]>
    </failure>
  </testcase> <!-- verifyTheLinkAndAngularLoad -->
</testsuite> <!-- Random Test -->
